<?xml version="1.0" encoding="UTF-8"?>
<!-- Generated by org.testng.reporters.JUnitReportReporter -->
<testsuite hostname="DESKTOP-L626P4P" failures="0" tests="1" name="com.framwork.testcases.TestCaseWithoutFramework" time="18.450" errors="0" timestamp="2022-05-08T17:41:59 IST" skipped="0">
  <testcase classname="com.framwork.testcases.TestCaseWithoutFramework" name="Test1" time="18.450"/>
  <system-out/>
</testsuite> <!-- com.framwork.testcases.TestCaseWithoutFramework -->
