<?xml version="1.0" encoding="UTF-8"?>
<!-- Generated by org.testng.reporters.JUnitReportReporter -->
<testsuite hostname="DESKTOP-L626P4P" failures="0" tests="2" name="com.framwork.testcases.LoginTestCRM" time="8.867" errors="0" timestamp="2022-05-09T15:58:41 IST" skipped="0">
  <testcase classname="com.framwork.testcases.LoginTestCRM" name="LoginApp" time="8.430"/>
  <system-out/>
  <testcase classname="com.framwork.testcases.LoginTestCRM" name="LogoutApp" time="0.437"/>
  <system-out/>
</testsuite> <!-- com.framwork.testcases.LoginTestCRM -->
