<?xml version="1.0" encoding="UTF-8"?>
<!-- Generated by org.testng.reporters.JUnitReportReporter -->
<testsuite hostname="DESKTOP-L626P4P" failures="0" tests="2" name="com.framwork.testcases.LoginTestCRM" time="10.991" errors="0" timestamp="2022-05-10T13:05:24 IST" skipped="0">
  <testcase classname="com.framwork.testcases.LoginTestCRM" name="LoginApp" time="10.648"/>
  <system-out/>
  <testcase classname="com.framwork.testcases.LoginTestCRM" name="LogoutApp" time="0.343"/>
  <system-out/>
</testsuite> <!-- com.framwork.testcases.LoginTestCRM -->
